0 info it worked if it ends with ok
1 verbose cli [ '/usr/local/Cellar/node/5.1.0/bin/node',
1 verbose cli   '/usr/local/bin/npm',
1 verbose cli   'install',
1 verbose cli   '--save-dev',
1 verbose cli   'boostrap-sass-loader',
1 verbose cli   'bootstrap-sass',
1 verbose cli   'css-loader',
1 verbose cli   'style-loader',
1 verbose cli   'url-loader',
1 verbose cli   'file-loader' ]
2 info using npm@3.3.12
3 info using node@v5.1.0
4 silly loadCurrentTree Starting
5 silly install loadCurrentTree
6 silly install readLocalPackageData
7 silly fetchPackageMetaData boostrap-sass-loader
8 silly fetchPackageMetaData bootstrap-sass
9 silly fetchPackageMetaData css-loader
10 silly fetchPackageMetaData style-loader
11 silly fetchPackageMetaData url-loader
12 silly fetchPackageMetaData file-loader
13 silly fetchNamedPackageData boostrap-sass-loader
14 silly mapToRegistry name boostrap-sass-loader
15 silly mapToRegistry using default registry
16 silly mapToRegistry registry https://registry.npmjs.org/
17 silly mapToRegistry uri https://registry.npmjs.org/boostrap-sass-loader
18 silly fetchNamedPackageData bootstrap-sass
19 silly mapToRegistry name bootstrap-sass
20 silly mapToRegistry using default registry
21 silly mapToRegistry registry https://registry.npmjs.org/
22 silly mapToRegistry uri https://registry.npmjs.org/bootstrap-sass
23 silly fetchNamedPackageData css-loader
24 silly mapToRegistry name css-loader
25 silly mapToRegistry using default registry
26 silly mapToRegistry registry https://registry.npmjs.org/
27 silly mapToRegistry uri https://registry.npmjs.org/css-loader
28 silly fetchNamedPackageData style-loader
29 silly mapToRegistry name style-loader
30 silly mapToRegistry using default registry
31 silly mapToRegistry registry https://registry.npmjs.org/
32 silly mapToRegistry uri https://registry.npmjs.org/style-loader
33 silly fetchNamedPackageData url-loader
34 silly mapToRegistry name url-loader
35 silly mapToRegistry using default registry
36 silly mapToRegistry registry https://registry.npmjs.org/
37 silly mapToRegistry uri https://registry.npmjs.org/url-loader
38 silly fetchNamedPackageData file-loader
39 silly mapToRegistry name file-loader
40 silly mapToRegistry using default registry
41 silly mapToRegistry registry https://registry.npmjs.org/
42 silly mapToRegistry uri https://registry.npmjs.org/file-loader
43 verbose request uri https://registry.npmjs.org/bootstrap-sass
44 verbose request no auth needed
45 info attempt registry request try #1 at 6:04:43 PM
46 verbose request id 89fba9ff30c3a612
47 http request GET https://registry.npmjs.org/bootstrap-sass
48 verbose request uri https://registry.npmjs.org/css-loader
49 verbose request no auth needed
50 info attempt registry request try #1 at 6:04:43 PM
51 http request GET https://registry.npmjs.org/css-loader
52 verbose request uri https://registry.npmjs.org/boostrap-sass-loader
53 verbose request no auth needed
54 info attempt registry request try #1 at 6:04:43 PM
55 http request GET https://registry.npmjs.org/boostrap-sass-loader
56 verbose request uri https://registry.npmjs.org/style-loader
57 verbose request no auth needed
58 info attempt registry request try #1 at 6:04:43 PM
59 http request GET https://registry.npmjs.org/style-loader
60 verbose request uri https://registry.npmjs.org/url-loader
61 verbose request no auth needed
62 info attempt registry request try #1 at 6:04:43 PM
63 http request GET https://registry.npmjs.org/url-loader
64 verbose request uri https://registry.npmjs.org/file-loader
65 verbose request no auth needed
66 info attempt registry request try #1 at 6:04:43 PM
67 http request GET https://registry.npmjs.org/file-loader
68 http 200 https://registry.npmjs.org/file-loader
69 verbose headers { server: 'CouchDB/1.5.0 (Erlang OTP/R16B03)',
69 verbose headers   etag: '"CDKB98HKD14AY9Z4YHNQ4HW3R"',
69 verbose headers   'content-type': 'application/json',
69 verbose headers   'cache-control': 'max-age=60',
69 verbose headers   'content-length': '16350',
69 verbose headers   'accept-ranges': 'bytes',
69 verbose headers   date: 'Fri, 20 Nov 2015 02:04:43 GMT',
69 verbose headers   via: '1.1 varnish',
69 verbose headers   age: '56',
69 verbose headers   connection: 'keep-alive',
69 verbose headers   'x-served-by': 'cache-lax1421-LAX',
69 verbose headers   'x-cache': 'HIT',
69 verbose headers   'x-cache-hits': '1',
69 verbose headers   'x-timer': 'S1447985083.810166,VS0,VE0',
69 verbose headers   vary: 'Accept' }
70 silly get cb [ 200,
70 silly get   { server: 'CouchDB/1.5.0 (Erlang OTP/R16B03)',
70 silly get     etag: '"CDKB98HKD14AY9Z4YHNQ4HW3R"',
70 silly get     'content-type': 'application/json',
70 silly get     'cache-control': 'max-age=60',
70 silly get     'content-length': '16350',
70 silly get     'accept-ranges': 'bytes',
70 silly get     date: 'Fri, 20 Nov 2015 02:04:43 GMT',
70 silly get     via: '1.1 varnish',
70 silly get     age: '56',
70 silly get     connection: 'keep-alive',
70 silly get     'x-served-by': 'cache-lax1421-LAX',
70 silly get     'x-cache': 'HIT',
70 silly get     'x-cache-hits': '1',
70 silly get     'x-timer': 'S1447985083.810166,VS0,VE0',
70 silly get     vary: 'Accept' } ]
71 verbose get saving file-loader to /Users/taram/.npm/registry.npmjs.org/file-loader/.cache.json
72 http 200 https://registry.npmjs.org/style-loader
73 verbose headers { server: 'CouchDB/1.5.0 (Erlang OTP/R16B03)',
73 verbose headers   etag: '"5VLG799WX3C6BF00PFT26FZ7L"',
73 verbose headers   'content-type': 'application/json',
73 verbose headers   'cache-control': 'max-age=60',
73 verbose headers   'content-length': '31733',
73 verbose headers   'accept-ranges': 'bytes',
73 verbose headers   date: 'Fri, 20 Nov 2015 02:04:43 GMT',
73 verbose headers   via: '1.1 varnish',
73 verbose headers   age: '56',
73 verbose headers   connection: 'keep-alive',
73 verbose headers   'x-served-by': 'cache-lax1428-LAX',
73 verbose headers   'x-cache': 'HIT',
73 verbose headers   'x-cache-hits': '1',
73 verbose headers   'x-timer': 'S1447985083.812586,VS0,VE0',
73 verbose headers   vary: 'Accept' }
74 silly get cb [ 200,
74 silly get   { server: 'CouchDB/1.5.0 (Erlang OTP/R16B03)',
74 silly get     etag: '"5VLG799WX3C6BF00PFT26FZ7L"',
74 silly get     'content-type': 'application/json',
74 silly get     'cache-control': 'max-age=60',
74 silly get     'content-length': '31733',
74 silly get     'accept-ranges': 'bytes',
74 silly get     date: 'Fri, 20 Nov 2015 02:04:43 GMT',
74 silly get     via: '1.1 varnish',
74 silly get     age: '56',
74 silly get     connection: 'keep-alive',
74 silly get     'x-served-by': 'cache-lax1428-LAX',
74 silly get     'x-cache': 'HIT',
74 silly get     'x-cache-hits': '1',
74 silly get     'x-timer': 'S1447985083.812586,VS0,VE0',
74 silly get     vary: 'Accept' } ]
75 verbose get saving style-loader to /Users/taram/.npm/registry.npmjs.org/style-loader/.cache.json
76 http 200 https://registry.npmjs.org/css-loader
77 verbose headers { server: 'CouchDB/1.5.0 (Erlang OTP/R16B03)',
77 verbose headers   etag: '"9KOWUIZYN5LB6W700QTPKBOK1"',
77 verbose headers   'content-type': 'application/json',
77 verbose headers   'cache-control': 'max-age=60',
77 verbose headers   'content-length': '79355',
77 verbose headers   'accept-ranges': 'bytes',
77 verbose headers   date: 'Fri, 20 Nov 2015 02:04:43 GMT',
77 verbose headers   via: '1.1 varnish',
77 verbose headers   age: '56',
77 verbose headers   connection: 'keep-alive',
77 verbose headers   'x-served-by': 'cache-lax1426-LAX',
77 verbose headers   'x-cache': 'HIT',
77 verbose headers   'x-cache-hits': '1',
77 verbose headers   'x-timer': 'S1447985083.811967,VS0,VE0',
77 verbose headers   vary: 'Accept' }
78 silly get cb [ 200,
78 silly get   { server: 'CouchDB/1.5.0 (Erlang OTP/R16B03)',
78 silly get     etag: '"9KOWUIZYN5LB6W700QTPKBOK1"',
78 silly get     'content-type': 'application/json',
78 silly get     'cache-control': 'max-age=60',
78 silly get     'content-length': '79355',
78 silly get     'accept-ranges': 'bytes',
78 silly get     date: 'Fri, 20 Nov 2015 02:04:43 GMT',
78 silly get     via: '1.1 varnish',
78 silly get     age: '56',
78 silly get     connection: 'keep-alive',
78 silly get     'x-served-by': 'cache-lax1426-LAX',
78 silly get     'x-cache': 'HIT',
78 silly get     'x-cache-hits': '1',
78 silly get     'x-timer': 'S1447985083.811967,VS0,VE0',
78 silly get     vary: 'Accept' } ]
79 verbose get saving css-loader to /Users/taram/.npm/registry.npmjs.org/css-loader/.cache.json
80 http 404 https://registry.npmjs.org/boostrap-sass-loader
81 verbose headers { 'content-type': 'application/json',
81 verbose headers   'cache-control': 'max-age=0',
81 verbose headers   'content-length': '2',
81 verbose headers   'accept-ranges': 'bytes',
81 verbose headers   date: 'Fri, 20 Nov 2015 02:04:43 GMT',
81 verbose headers   via: '1.1 varnish',
81 verbose headers   age: '0',
81 verbose headers   connection: 'keep-alive',
81 verbose headers   'x-served-by': 'cache-lax1429-LAX',
81 verbose headers   'x-cache': 'MISS',
81 verbose headers   'x-cache-hits': '0',
81 verbose headers   'x-timer': 'S1447985083.817036,VS0,VE51' }
82 silly get cb [ 404,
82 silly get   { 'content-type': 'application/json',
82 silly get     'cache-control': 'max-age=0',
82 silly get     'content-length': '2',
82 silly get     'accept-ranges': 'bytes',
82 silly get     date: 'Fri, 20 Nov 2015 02:04:43 GMT',
82 silly get     via: '1.1 varnish',
82 silly get     age: '0',
82 silly get     connection: 'keep-alive',
82 silly get     'x-served-by': 'cache-lax1429-LAX',
82 silly get     'x-cache': 'MISS',
82 silly get     'x-cache-hits': '0',
82 silly get     'x-timer': 'S1447985083.817036,VS0,VE51' } ]
83 silly fetchPackageMetaData Error: Registry returned 404 for GET on https://registry.npmjs.org/boostrap-sass-loader
83 silly fetchPackageMetaData     at makeError (/usr/local/lib/node_modules/npm/node_modules/npm-registry-client/lib/request.js:264:12)
83 silly fetchPackageMetaData     at CachingRegistryClient.<anonymous> (/usr/local/lib/node_modules/npm/node_modules/npm-registry-client/lib/request.js:242:14)
83 silly fetchPackageMetaData     at Request._callback (/usr/local/lib/node_modules/npm/node_modules/npm-registry-client/lib/request.js:172:14)
83 silly fetchPackageMetaData     at Request.self.callback (/usr/local/lib/node_modules/npm/node_modules/request/request.js:198:22)
83 silly fetchPackageMetaData     at emitTwo (events.js:87:13)
83 silly fetchPackageMetaData     at Request.emit (events.js:172:7)
83 silly fetchPackageMetaData     at Request.<anonymous> (/usr/local/lib/node_modules/npm/node_modules/request/request.js:1082:10)
83 silly fetchPackageMetaData     at emitOne (events.js:82:20)
83 silly fetchPackageMetaData     at Request.emit (events.js:169:7)
83 silly fetchPackageMetaData     at IncomingMessage.<anonymous> (/usr/local/lib/node_modules/npm/node_modules/request/request.js:1009:12)
83 silly fetchPackageMetaData  error for boostrap-sass-loader { [Error: Registry returned 404 for GET on https://registry.npmjs.org/boostrap-sass-loader] pkgid: 'boostrap-sass-loader', statusCode: 404, code: 'E404' }
84 http 200 https://registry.npmjs.org/bootstrap-sass
85 verbose headers { server: 'CouchDB/1.5.0 (Erlang OTP/R16B03)',
85 verbose headers   etag: '"EY6S7WGUVSPEXZDNFILZHHGLW"',
85 verbose headers   'content-type': 'application/json',
85 verbose headers   'cache-control': 'max-age=60',
85 verbose headers   'content-length': '24349',
85 verbose headers   'accept-ranges': 'bytes',
85 verbose headers   date: 'Fri, 20 Nov 2015 02:04:43 GMT',
85 verbose headers   via: '1.1 varnish',
85 verbose headers   age: '0',
85 verbose headers   connection: 'keep-alive',
85 verbose headers   'x-served-by': 'cache-lax1429-LAX',
85 verbose headers   'x-cache': 'HIT',
85 verbose headers   'x-cache-hits': '1',
85 verbose headers   'x-timer': 'S1447985083.813242,VS0,VE44',
85 verbose headers   vary: 'Accept' }
86 silly get cb [ 200,
86 silly get   { server: 'CouchDB/1.5.0 (Erlang OTP/R16B03)',
86 silly get     etag: '"EY6S7WGUVSPEXZDNFILZHHGLW"',
86 silly get     'content-type': 'application/json',
86 silly get     'cache-control': 'max-age=60',
86 silly get     'content-length': '24349',
86 silly get     'accept-ranges': 'bytes',
86 silly get     date: 'Fri, 20 Nov 2015 02:04:43 GMT',
86 silly get     via: '1.1 varnish',
86 silly get     age: '0',
86 silly get     connection: 'keep-alive',
86 silly get     'x-served-by': 'cache-lax1429-LAX',
86 silly get     'x-cache': 'HIT',
86 silly get     'x-cache-hits': '1',
86 silly get     'x-timer': 'S1447985083.813242,VS0,VE44',
86 silly get     vary: 'Accept' } ]
87 verbose get saving bootstrap-sass to /Users/taram/.npm/registry.npmjs.org/bootstrap-sass/.cache.json
88 http 200 https://registry.npmjs.org/url-loader
89 verbose headers { server: 'CouchDB/1.5.0 (Erlang OTP/R16B03)',
89 verbose headers   etag: '"63HEIARF3UJM9DAVRUBCRN063"',
89 verbose headers   'content-type': 'application/json',
89 verbose headers   'cache-control': 'max-age=60',
89 verbose headers   'content-length': '10151',
89 verbose headers   'accept-ranges': 'bytes',
89 verbose headers   date: 'Fri, 20 Nov 2015 02:04:43 GMT',
89 verbose headers   via: '1.1 varnish',
89 verbose headers   age: '0',
89 verbose headers   connection: 'keep-alive',
89 verbose headers   'x-served-by': 'cache-lax1420-LAX',
89 verbose headers   'x-cache': 'HIT',
89 verbose headers   'x-cache-hits': '1',
89 verbose headers   'x-timer': 'S1447985083.814703,VS0,VE88',
89 verbose headers   vary: 'Accept' }
90 silly get cb [ 200,
90 silly get   { server: 'CouchDB/1.5.0 (Erlang OTP/R16B03)',
90 silly get     etag: '"63HEIARF3UJM9DAVRUBCRN063"',
90 silly get     'content-type': 'application/json',
90 silly get     'cache-control': 'max-age=60',
90 silly get     'content-length': '10151',
90 silly get     'accept-ranges': 'bytes',
90 silly get     date: 'Fri, 20 Nov 2015 02:04:43 GMT',
90 silly get     via: '1.1 varnish',
90 silly get     age: '0',
90 silly get     connection: 'keep-alive',
90 silly get     'x-served-by': 'cache-lax1420-LAX',
90 silly get     'x-cache': 'HIT',
90 silly get     'x-cache-hits': '1',
90 silly get     'x-timer': 'S1447985083.814703,VS0,VE88',
90 silly get     vary: 'Accept' } ]
91 verbose get saving url-loader to /Users/taram/.npm/registry.npmjs.org/url-loader/.cache.json
92 silly rollbackFailedOptional Starting
93 silly rollbackFailedOptional Finishing
94 silly runTopLevelLifecycles Starting
95 silly runTopLevelLifecycles Finishing
96 silly install printInstalled
97 verbose stack Error: Registry returned 404 for GET on https://registry.npmjs.org/boostrap-sass-loader
97 verbose stack     at makeError (/usr/local/lib/node_modules/npm/node_modules/npm-registry-client/lib/request.js:264:12)
97 verbose stack     at CachingRegistryClient.<anonymous> (/usr/local/lib/node_modules/npm/node_modules/npm-registry-client/lib/request.js:242:14)
97 verbose stack     at Request._callback (/usr/local/lib/node_modules/npm/node_modules/npm-registry-client/lib/request.js:172:14)
97 verbose stack     at Request.self.callback (/usr/local/lib/node_modules/npm/node_modules/request/request.js:198:22)
97 verbose stack     at emitTwo (events.js:87:13)
97 verbose stack     at Request.emit (events.js:172:7)
97 verbose stack     at Request.<anonymous> (/usr/local/lib/node_modules/npm/node_modules/request/request.js:1082:10)
97 verbose stack     at emitOne (events.js:82:20)
97 verbose stack     at Request.emit (events.js:169:7)
97 verbose stack     at IncomingMessage.<anonymous> (/usr/local/lib/node_modules/npm/node_modules/request/request.js:1009:12)
98 verbose statusCode 404
99 verbose pkgid boostrap-sass-loader
100 verbose cwd /Users/taram/Documents/Projects/react-starter-kit-tara
101 error Darwin 14.5.0
102 error argv "/usr/local/Cellar/node/5.1.0/bin/node" "/usr/local/bin/npm" "install" "--save-dev" "boostrap-sass-loader" "bootstrap-sass" "css-loader" "style-loader" "url-loader" "file-loader"
103 error node v5.1.0
104 error npm  v3.3.12
105 error code E404
106 error 404 Registry returned 404 for GET on https://registry.npmjs.org/boostrap-sass-loader
106 error 404
106 error 404 'boostrap-sass-loader' is not in the npm registry.
106 error 404 You should bug the author to publish it (or use the name yourself!)
106 error 404
106 error 404 Note that you can also install from a
106 error 404 tarball, folder, http url, or git url.
107 verbose exit [ 1, true ]
